<?xml version="1.0" encoding="UTF-8"?>
<!-- Generated by org.testng.reporters.JUnitXMLReporter -->
<testsuite ignored="0" hostname="LAPTOP-AGU9E2S5" failures="1" tests="29" name="DSAlgoTest" time="85.498" errors="0" timestamp="2022-08-26T20:34:32 CDT">
  <testcase classname="com.dsalgo.qa.testcases.PortalPageTest" name="bannercontentTest" time="0.171"/>
  <testcase classname="com.dsalgo.qa.testcases.PortalPageTest" name="clickonGetStartedBtn" time="0.918"/>
  <testcase classname="com.dsalgo.qa.testcases.PortalPageTest" name="HomePageTitle" time="0.041"/>
  <testcase classname="com.dsalgo.qa.testcases.HomePageTest" name="HomePagetitle" time="0.024"/>
  <testcase classname="com.dsalgo.qa.testcases.HomePageTest" name="failedHomePageTitle" time="0.015">
    <failure type="java.lang.AssertionError" message="expected [Numpy Ninjas] but found [NumpyNinja]">
      <![CDATA[java.lang.AssertionError: expected [Numpy Ninjas] but found [NumpyNinja]
at com.dsalgo.qa.testcases.HomePageTest.failedHomePageTitle(HomePageTest.java:47)
at java.base/java.util.ArrayList.forEach(ArrayList.java:1511)
... Removed 31 stack frames]]>
    </failure>
  </testcase> <!-- failedHomePageTitle -->
  <testcase classname="com.dsalgo.qa.testcases.HomePageTest" name="clickondropdownBtn" time="0.09"/>
  <testcase classname="com.dsalgo.qa.testcases.HomePageTest" name="clickonGetStarted" time="0.418"/>
  <testcase classname="com.dsalgo.qa.testcases.HomePageTest" name="clickRegisterBtn" time="0.609"/>
  <testcase classname="com.dsalgo.qa.testcases.RegisterPageTest" name="clickRegister" time="0.291"/>
  <testcase classname="com.dsalgo.qa.testcases.RegisterPageTest" name="testRegisterPagewithPasswordMismatch" time="0.558"/>
  <testcase classname="com.dsalgo.qa.testcases.RegisterPageTest" name="testRegistrationSuccess" time="0.887"/>
  <testcase classname="com.dsalgo.qa.testcases.RegisterPageTest" name="testRegistrationSuccess" time="0.915"/>
  <testcase classname="com.dsalgo.qa.testcases.SigninPageTest" name="clickonSignin" time="0.224"/>
  <testcase classname="com.dsalgo.qa.testcases.SigninPageTest" name="loginTest" time="0.972"/>
  <testcase classname="com.dsalgo.qa.testcases.DSPageTest" name="clickGetStarted" time="0.302"/>
  <testcase classname="com.dsalgo.qa.testcases.DSPageTest" name="clickTimeComplexity" time="2.438"/>
  <testcase classname="com.dsalgo.qa.testcases.DSPageTest" name="clickDataStructureTimeComplexity" time="0.174"/>
  <testcase classname="com.dsalgo.qa.testcases.DSPageTest" name="loadTryHere1" time="5.024"/>
  <testcase classname="com.dsalgo.qa.testcases.DSPageTest" name="clickPracticeQuestions" time="0.27"/>
  <testcase classname="com.dsalgo.qa.testcases.ArrayPageTest" name="clickonArrayGetStartedBtn" time="0.285"/>
  <testcase classname="com.dsalgo.qa.testcases.ArrayPageTest" name="clickArraysinPython" time="0.487"/>
  <testcase classname="com.dsalgo.qa.testcases.ArrayPageTest" name="loadTryHere2" time="4.946"/>
  <testcase classname="com.dsalgo.qa.testcases.ArrayPageTest" name="clickArraysUsingList" time="0.222"/>
  <testcase classname="com.dsalgo.qa.testcases.ArrayPageTest" name="loadTryHere3" time="2.583"/>
  <testcase classname="com.dsalgo.qa.testcases.ArrayPageTest" name="clickBasicOperationList" time="0.224"/>
  <testcase classname="com.dsalgo.qa.testcases.ArrayPageTest" name="loadTryHere4" time="2.501"/>
  <testcase classname="com.dsalgo.qa.testcases.ArrayPageTest" name="clickApplicationsOfArray" time="0.247"/>
  <testcase classname="com.dsalgo.qa.testcases.ArrayPageTest" name="loadTryHere5" time="2.483"/>
  <testcase classname="com.dsalgo.qa.testcases.ArrayPageTest" name="clickPracticeQuestions" time="0.311"/>
</testsuite> <!-- DSAlgoTest -->
